<?xml version="1.0" encoding="UTF-8"?>
<!-- Generated by org.testng.reporters.JUnitReportReporter -->
<testsuite hostname="RachanaNayak" failures="0" tests="1" name="com.main.SecondClass" time="0.010" errors="0" timestamp="2022-01-28T19:54:09 IST" skipped="0">
  <testcase classname="com.main.SecondClass" name="SecondClassMethod" time="0.010"/>
  <system-out/>
</testsuite> <!-- com.main.SecondClass -->
